  server.c
D:\Payment Application\Payment Application\Server\server.h(45,1): error C2371: 'transactionDB_t': redefinition; different basic types
D:\Payment Application\Payment Application\Server\server.h(42,18): message : see declaration of 'transactionDB_t'
D:\Payment Application\Payment Application\Server\server.h(50,1): error C2371: 'accountsDB': redefinition; different basic types
D:\Payment Application\Payment Application\Server\server.h(39,17): message : see declaration of 'accountsDB'
D:\Payment Application\Payment Application\Server\server.h(52,6): error C2059: syntax error: '{'
D:\Payment Application\Payment Application\Server\server.h(52,46): error C2059: syntax error: ','
D:\Payment Application\Payment Application\Server\server.h(52,86): error C2059: syntax error: ','
D:\Payment Application\Payment Application\Server\server.h(52,126): error C2059: syntax error: ','
D:\Payment Application\Payment Application\Server\server.h(54,1): error C2059: syntax error: '}'
  terminal.c
D:\Payment Application\Payment Application\Terminal\terminal.c(29,17): warning C4267: '=': conversion from 'size_t' to 'uint8_t', possible loss of data
D:\Payment Application\Payment Application\Terminal\terminal.c(317,50): warning C4087: 'getTransactionAmountTest': declared with 'void' parameter list
D:\Payment Application\Payment Application\Terminal\terminal.c(317,23): error C2440: '=': cannot convert from 'void' to 'EN_cardError_t'
D:\Payment Application\Payment Application\Terminal\terminal.c(317,23): error C2120: 'void' illegal with all types
  Generating Code...
